2025/01/10 12:49:22 [notice] 1#1: using the "epoll" event method
2025/01/10 12:49:22 [notice] 1#1: nginx/1.27.2
2025/01/10 12:49:22 [notice] 1#1: built by gcc 12.2.0 (Debian 12.2.0-14) 
2025/01/10 12:49:22 [notice] 1#1: OS: Linux 5.4.0-204-generic
2025/01/10 12:49:22 [notice] 1#1: getrlimit(RLIMIT_NOFILE): 1048576:1048576
2025/01/10 12:49:22 [notice] 1#1: start worker processes
2025/01/10 12:49:22 [notice] 1#1: start worker process 29
2025/01/10 12:49:22 [notice] 1#1: start worker process 30
2025/01/10 12:49:22 [notice] 1#1: start worker process 31
2025/01/10 12:49:22 [notice] 1#1: start worker process 32
2025/01/10 12:49:22 [notice] 1#1: start worker process 33
2025/01/10 13:02:11 [notice] 1#1: signal 3 (SIGQUIT) received, shutting down
2025/01/10 13:02:11 [notice] 29#29: gracefully shutting down
2025/01/10 13:02:11 [notice] 33#33: gracefully shutting down
2025/01/10 13:02:11 [notice] 30#30: gracefully shutting down
2025/01/10 13:02:11 [notice] 32#32: gracefully shutting down
2025/01/10 13:02:11 [notice] 33#33: exiting
2025/01/10 13:02:11 [notice] 30#30: exiting
2025/01/10 13:02:11 [notice] 32#32: exiting
2025/01/10 13:02:11 [notice] 29#29: exiting
2025/01/10 13:02:11 [notice] 31#31: gracefully shutting down
2025/01/10 13:02:11 [notice] 31#31: exiting
2025/01/10 13:02:11 [notice] 30#30: exit
2025/01/10 13:02:11 [notice] 32#32: exit
2025/01/10 13:02:11 [notice] 33#33: exit
2025/01/10 13:02:11 [notice] 31#31: exit
2025/01/10 13:02:11 [notice] 29#29: exit
2025/01/10 13:02:11 [notice] 1#1: signal 17 (SIGCHLD) received from 31
2025/01/10 13:02:11 [notice] 1#1: worker process 29 exited with code 0
2025/01/10 13:02:11 [notice] 1#1: worker process 30 exited with code 0
2025/01/10 13:02:11 [notice] 1#1: worker process 31 exited with code 0
2025/01/10 13:02:11 [notice] 1#1: worker process 32 exited with code 0
2025/01/10 13:02:11 [notice] 1#1: worker process 33 exited with code 0
2025/01/10 13:02:11 [notice] 1#1: exit
2025/01/10 13:02:14 [notice] 1#1: using the "epoll" event method
2025/01/10 13:02:14 [notice] 1#1: nginx/1.27.2
2025/01/10 13:02:14 [notice] 1#1: built by gcc 12.2.0 (Debian 12.2.0-14) 
2025/01/10 13:02:14 [notice] 1#1: OS: Linux 5.4.0-204-generic
2025/01/10 13:02:14 [notice] 1#1: getrlimit(RLIMIT_NOFILE): 1048576:1048576
2025/01/10 13:02:14 [notice] 1#1: start worker processes
2025/01/10 13:02:14 [notice] 1#1: start worker process 22
2025/01/10 13:02:14 [notice] 1#1: start worker process 23
2025/01/10 13:02:14 [notice] 1#1: start worker process 24
2025/01/10 13:02:14 [notice] 1#1: start worker process 25
2025/01/10 13:02:14 [notice] 1#1: start worker process 26
2025/01/10 13:13:18 [notice] 1#1: signal 3 (SIGQUIT) received, shutting down
2025/01/10 13:13:18 [notice] 22#22: gracefully shutting down
2025/01/10 13:13:18 [notice] 26#26: gracefully shutting down
2025/01/10 13:13:18 [notice] 23#23: gracefully shutting down
2025/01/10 13:13:18 [notice] 24#24: gracefully shutting down
2025/01/10 13:13:18 [notice] 25#25: gracefully shutting down
2025/01/10 13:13:18 [notice] 22#22: exiting
2025/01/10 13:13:18 [notice] 26#26: exiting
2025/01/10 13:13:18 [notice] 23#23: exiting
2025/01/10 13:13:18 [notice] 24#24: exiting
2025/01/10 13:13:18 [notice] 25#25: exiting
2025/01/10 13:13:18 [notice] 22#22: exit
2025/01/10 13:13:18 [notice] 26#26: exit
2025/01/10 13:13:18 [notice] 23#23: exit
2025/01/10 13:13:18 [notice] 24#24: exit
2025/01/10 13:13:18 [notice] 25#25: exit
2025/01/10 13:13:18 [notice] 1#1: signal 17 (SIGCHLD) received from 24
2025/01/10 13:13:18 [notice] 1#1: worker process 22 exited with code 0
2025/01/10 13:13:18 [notice] 1#1: worker process 24 exited with code 0
2025/01/10 13:13:18 [notice] 1#1: worker process 26 exited with code 0
2025/01/10 13:13:18 [notice] 1#1: signal 29 (SIGIO) received
2025/01/10 13:13:18 [notice] 1#1: signal 17 (SIGCHLD) received from 23
2025/01/10 13:13:18 [notice] 1#1: worker process 23 exited with code 0
2025/01/10 13:13:18 [notice] 1#1: signal 29 (SIGIO) received
2025/01/10 13:13:18 [notice] 1#1: signal 17 (SIGCHLD) received from 25
2025/01/10 13:13:18 [notice] 1#1: worker process 25 exited with code 0
2025/01/10 13:13:18 [notice] 1#1: exit
2025/01/10 13:13:36 [notice] 1#1: using the "epoll" event method
2025/01/10 13:13:36 [notice] 1#1: nginx/1.27.2
2025/01/10 13:13:36 [notice] 1#1: built by gcc 12.2.0 (Debian 12.2.0-14) 
2025/01/10 13:13:36 [notice] 1#1: OS: Linux 5.4.0-204-generic
2025/01/10 13:13:36 [notice] 1#1: getrlimit(RLIMIT_NOFILE): 1048576:1048576
2025/01/10 13:13:36 [notice] 1#1: start worker processes
2025/01/10 13:13:36 [notice] 1#1: start worker process 28
2025/01/10 13:13:36 [notice] 1#1: start worker process 29
2025/01/10 13:13:36 [notice] 1#1: start worker process 30
2025/01/10 13:13:36 [notice] 1#1: start worker process 31
2025/01/10 13:13:36 [notice] 1#1: start worker process 32
2025/01/12 12:46:19 [notice] 1#1: signal 3 (SIGQUIT) received, shutting down
2025/01/12 12:46:19 [notice] 29#29: gracefully shutting down
2025/01/12 12:46:19 [notice] 28#28: gracefully shutting down
2025/01/12 12:46:19 [notice] 30#30: gracefully shutting down
2025/01/12 12:46:19 [notice] 31#31: gracefully shutting down
2025/01/12 12:46:19 [notice] 32#32: gracefully shutting down
2025/01/12 12:46:19 [notice] 29#29: exiting
2025/01/12 12:46:19 [notice] 28#28: exiting
2025/01/12 12:46:19 [notice] 30#30: exiting
2025/01/12 12:46:19 [notice] 31#31: exiting
2025/01/12 12:46:19 [notice] 32#32: exiting
2025/01/12 12:46:19 [notice] 28#28: exit
2025/01/12 12:46:19 [notice] 29#29: exit
2025/01/12 12:46:19 [notice] 30#30: exit
2025/01/12 12:46:19 [notice] 31#31: exit
2025/01/12 12:46:19 [notice] 32#32: exit
2025/01/12 12:46:19 [notice] 1#1: signal 17 (SIGCHLD) received from 32
2025/01/12 12:46:19 [notice] 1#1: worker process 28 exited with code 0
2025/01/12 12:46:19 [notice] 1#1: worker process 31 exited with code 0
2025/01/12 12:46:19 [notice] 1#1: worker process 32 exited with code 0
2025/01/12 12:46:19 [notice] 1#1: signal 29 (SIGIO) received
2025/01/12 12:46:19 [notice] 1#1: signal 17 (SIGCHLD) received from 31
2025/01/12 12:46:19 [notice] 1#1: worker process 29 exited with code 0
2025/01/12 12:46:19 [notice] 1#1: signal 29 (SIGIO) received
2025/01/12 12:46:19 [notice] 1#1: signal 17 (SIGCHLD) received from 29
2025/01/12 12:46:19 [notice] 1#1: signal 17 (SIGCHLD) received from 30
2025/01/12 12:46:19 [notice] 1#1: worker process 30 exited with code 0
2025/01/12 12:46:19 [notice] 1#1: exit
2025/01/12 13:12:01 [notice] 1#1: using the "epoll" event method
2025/01/12 13:12:01 [notice] 1#1: nginx/1.27.3
2025/01/12 13:12:01 [notice] 1#1: built by gcc 12.2.0 (Debian 12.2.0-14) 
2025/01/12 13:12:01 [notice] 1#1: OS: Linux 5.4.0-204-generic
2025/01/12 13:12:01 [notice] 1#1: getrlimit(RLIMIT_NOFILE): 1048576:1048576
2025/01/12 13:12:01 [notice] 1#1: start worker processes
2025/01/12 13:12:01 [notice] 1#1: start worker process 29
2025/01/12 13:12:01 [notice] 1#1: start worker process 30
2025/01/12 13:12:01 [notice] 1#1: start worker process 31
2025/01/12 13:12:01 [notice] 1#1: start worker process 32
2025/01/12 13:12:01 [notice] 1#1: start worker process 33
2025/01/13 04:53:04 [notice] 1#1: signal 3 (SIGQUIT) received, shutting down
2025/01/13 04:53:04 [notice] 30#30: gracefully shutting down
2025/01/13 04:53:04 [notice] 33#33: gracefully shutting down
2025/01/13 04:53:04 [notice] 29#29: gracefully shutting down
2025/01/13 04:53:04 [notice] 33#33: exiting
2025/01/13 04:53:04 [notice] 30#30: exiting
2025/01/13 04:53:04 [notice] 29#29: exiting
2025/01/13 04:53:04 [notice] 33#33: exit
2025/01/13 04:53:04 [notice] 30#30: exit
2025/01/13 04:53:04 [notice] 29#29: exit
2025/01/13 04:53:04 [notice] 32#32: gracefully shutting down
2025/01/13 04:53:04 [notice] 32#32: exiting
2025/01/13 04:53:04 [notice] 32#32: exit
2025/01/13 04:53:04 [notice] 31#31: gracefully shutting down
2025/01/13 04:53:04 [notice] 31#31: exiting
2025/01/13 04:53:04 [notice] 31#31: exit
2025/01/13 04:53:04 [notice] 1#1: signal 17 (SIGCHLD) received from 29
2025/01/13 04:53:04 [notice] 1#1: worker process 29 exited with code 0
2025/01/13 04:53:04 [notice] 1#1: worker process 30 exited with code 0
2025/01/13 04:53:04 [notice] 1#1: worker process 31 exited with code 0
2025/01/13 04:53:04 [notice] 1#1: signal 29 (SIGIO) received
2025/01/13 04:53:04 [notice] 1#1: signal 17 (SIGCHLD) received from 33
2025/01/13 04:53:04 [notice] 1#1: worker process 33 exited with code 0
2025/01/13 04:53:04 [notice] 1#1: signal 29 (SIGIO) received
2025/01/13 04:53:04 [notice] 1#1: signal 17 (SIGCHLD) received from 32
2025/01/13 04:53:04 [notice] 1#1: worker process 32 exited with code 0
2025/01/13 04:53:04 [notice] 1#1: exit
2025/01/13 04:55:42 [notice] 1#1: using the "epoll" event method
2025/01/13 04:55:42 [notice] 1#1: nginx/1.27.3
2025/01/13 04:55:42 [notice] 1#1: built by gcc 12.2.0 (Debian 12.2.0-14) 
2025/01/13 04:55:42 [notice] 1#1: OS: Linux 5.4.0-204-generic
2025/01/13 04:55:42 [notice] 1#1: getrlimit(RLIMIT_NOFILE): 1048576:1048576
2025/01/13 04:55:42 [notice] 1#1: start worker processes
2025/01/13 04:55:42 [notice] 1#1: start worker process 29
2025/01/13 04:55:42 [notice] 1#1: start worker process 30
2025/01/13 04:55:42 [notice] 1#1: start worker process 31
2025/01/13 04:55:42 [notice] 1#1: start worker process 32
2025/01/13 04:55:42 [notice] 1#1: start worker process 33
2025/01/13 05:16:47 [notice] 1#1: signal 3 (SIGQUIT) received, shutting down
2025/01/13 05:16:47 [notice] 29#29: gracefully shutting down
2025/01/13 05:16:47 [notice] 32#32: gracefully shutting down
2025/01/13 05:16:47 [notice] 31#31: gracefully shutting down
2025/01/13 05:16:47 [notice] 33#33: gracefully shutting down
2025/01/13 05:16:47 [notice] 30#30: gracefully shutting down
2025/01/13 05:16:47 [notice] 29#29: exiting
2025/01/13 05:16:47 [notice] 32#32: exiting
2025/01/13 05:16:47 [notice] 31#31: exiting
2025/01/13 05:16:47 [notice] 33#33: exiting
2025/01/13 05:16:47 [notice] 30#30: exiting
2025/01/13 05:16:47 [notice] 32#32: exit
2025/01/13 05:16:47 [notice] 31#31: exit
2025/01/13 05:16:47 [notice] 33#33: exit
2025/01/13 05:16:47 [notice] 29#29: exit
2025/01/13 05:16:47 [notice] 30#30: exit
2025/01/13 05:16:47 [notice] 1#1: signal 17 (SIGCHLD) received from 30
2025/01/13 05:16:47 [notice] 1#1: worker process 30 exited with code 0
2025/01/13 05:16:47 [notice] 1#1: worker process 29 exited with code 0
2025/01/13 05:16:47 [notice] 1#1: signal 29 (SIGIO) received
2025/01/13 05:16:47 [notice] 1#1: signal 17 (SIGCHLD) received from 29
2025/01/13 05:16:47 [notice] 1#1: signal 17 (SIGCHLD) received from 33
2025/01/13 05:16:47 [notice] 1#1: worker process 33 exited with code 0
2025/01/13 05:16:47 [notice] 1#1: signal 29 (SIGIO) received
2025/01/13 05:16:47 [notice] 1#1: signal 17 (SIGCHLD) received from 31
2025/01/13 05:16:47 [notice] 1#1: worker process 31 exited with code 0
2025/01/13 05:16:47 [notice] 1#1: worker process 32 exited with code 0
2025/01/13 05:16:47 [notice] 1#1: exit
2025/01/13 05:22:45 [notice] 1#1: using the "epoll" event method
2025/01/13 05:22:45 [notice] 1#1: nginx/1.27.3
2025/01/13 05:22:45 [notice] 1#1: built by gcc 12.2.0 (Debian 12.2.0-14) 
2025/01/13 05:22:45 [notice] 1#1: OS: Linux 5.4.0-204-generic
2025/01/13 05:22:45 [notice] 1#1: getrlimit(RLIMIT_NOFILE): 1048576:1048576
2025/01/13 05:22:45 [notice] 1#1: start worker processes
2025/01/13 05:22:45 [notice] 1#1: start worker process 29
2025/01/13 05:22:45 [notice] 1#1: start worker process 30
2025/01/13 05:22:45 [notice] 1#1: start worker process 31
2025/01/13 05:22:45 [notice] 1#1: start worker process 32
2025/01/13 05:22:45 [notice] 1#1: start worker process 33
2025/01/13 05:41:27 [notice] 1#1: signal 3 (SIGQUIT) received, shutting down
2025/01/13 05:41:27 [notice] 30#30: gracefully shutting down
2025/01/13 05:41:27 [notice] 31#31: gracefully shutting down
2025/01/13 05:41:27 [notice] 30#30: exiting
2025/01/13 05:41:27 [notice] 31#31: exiting
2025/01/13 05:41:27 [notice] 32#32: gracefully shutting down
2025/01/13 05:41:27 [notice] 32#32: exiting
2025/01/13 05:41:27 [notice] 31#31: exit
2025/01/13 05:41:27 [notice] 30#30: exit
2025/01/13 05:41:27 [notice] 32#32: exit
2025/01/13 05:41:27 [notice] 33#33: gracefully shutting down
2025/01/13 05:41:27 [notice] 33#33: exiting
2025/01/13 05:41:27 [notice] 33#33: exit
2025/01/13 05:41:27 [notice] 29#29: gracefully shutting down
2025/01/13 05:41:27 [notice] 29#29: exiting
2025/01/13 05:41:27 [notice] 29#29: exit
2025/01/13 05:41:27 [notice] 1#1: signal 17 (SIGCHLD) received from 29
2025/01/13 05:41:27 [notice] 1#1: worker process 29 exited with code 0
2025/01/13 05:41:27 [notice] 1#1: signal 29 (SIGIO) received
2025/01/13 05:41:27 [notice] 1#1: signal 17 (SIGCHLD) received from 30
2025/01/13 05:41:27 [notice] 1#1: worker process 30 exited with code 0
2025/01/13 05:41:27 [notice] 1#1: worker process 32 exited with code 0
2025/01/13 05:41:27 [notice] 1#1: signal 29 (SIGIO) received
2025/01/13 05:41:27 [notice] 1#1: signal 17 (SIGCHLD) received from 31
2025/01/13 05:41:27 [notice] 1#1: worker process 31 exited with code 0
2025/01/13 05:41:27 [notice] 1#1: signal 29 (SIGIO) received
2025/01/13 05:41:27 [notice] 1#1: signal 17 (SIGCHLD) received from 33
2025/01/13 05:41:27 [notice] 1#1: worker process 33 exited with code 0
2025/01/13 05:41:27 [notice] 1#1: exit
2025/01/13 05:42:45 [notice] 1#1: using the "epoll" event method
2025/01/13 05:42:45 [notice] 1#1: nginx/1.27.3
2025/01/13 05:42:45 [notice] 1#1: built by gcc 12.2.0 (Debian 12.2.0-14) 
2025/01/13 05:42:45 [notice] 1#1: OS: Linux 5.4.0-204-generic
2025/01/13 05:42:45 [notice] 1#1: getrlimit(RLIMIT_NOFILE): 1048576:1048576
2025/01/13 05:42:45 [notice] 1#1: start worker processes
2025/01/13 05:42:45 [notice] 1#1: start worker process 29
2025/01/13 05:42:45 [notice] 1#1: start worker process 30
2025/01/13 05:42:45 [notice] 1#1: start worker process 31
2025/01/13 05:42:45 [notice] 1#1: start worker process 32
2025/01/13 05:42:45 [notice] 1#1: start worker process 33
2025/01/13 06:11:50 [notice] 1#1: signal 3 (SIGQUIT) received, shutting down
2025/01/13 06:11:50 [notice] 29#29: gracefully shutting down
2025/01/13 06:11:50 [notice] 32#32: gracefully shutting down
2025/01/13 06:11:50 [notice] 33#33: gracefully shutting down
2025/01/13 06:11:50 [notice] 31#31: gracefully shutting down
2025/01/13 06:11:50 [notice] 30#30: gracefully shutting down
2025/01/13 06:11:50 [notice] 32#32: exiting
2025/01/13 06:11:50 [notice] 29#29: exiting
2025/01/13 06:11:50 [notice] 33#33: exiting
2025/01/13 06:11:50 [notice] 31#31: exiting
2025/01/13 06:11:50 [notice] 30#30: exiting
2025/01/13 06:11:50 [notice] 31#31: exit
2025/01/13 06:11:50 [notice] 33#33: exit
2025/01/13 06:11:50 [notice] 30#30: exit
2025/01/13 06:11:50 [notice] 29#29: exit
2025/01/13 06:11:50 [notice] 32#32: exit
2025/01/13 06:11:51 [notice] 1#1: signal 17 (SIGCHLD) received from 32
2025/01/13 06:11:51 [notice] 1#1: worker process 32 exited with code 0
2025/01/13 06:11:51 [notice] 1#1: worker process 31 exited with code 0
2025/01/13 06:11:51 [notice] 1#1: signal 29 (SIGIO) received
2025/01/13 06:11:51 [notice] 1#1: signal 17 (SIGCHLD) received from 31
2025/01/13 06:11:51 [notice] 1#1: worker process 29 exited with code 0
2025/01/13 06:11:51 [notice] 1#1: worker process 33 exited with code 0
2025/01/13 06:11:51 [notice] 1#1: signal 29 (SIGIO) received
2025/01/13 06:11:51 [notice] 1#1: signal 17 (SIGCHLD) received from 30
2025/01/13 06:11:51 [notice] 1#1: worker process 30 exited with code 0
2025/01/13 06:11:51 [notice] 1#1: exit
2025/01/13 06:12:20 [notice] 1#1: using the "epoll" event method
2025/01/13 06:12:20 [notice] 1#1: nginx/1.27.3
2025/01/13 06:12:20 [notice] 1#1: built by gcc 12.2.0 (Debian 12.2.0-14) 
2025/01/13 06:12:20 [notice] 1#1: OS: Linux 5.4.0-204-generic
2025/01/13 06:12:20 [notice] 1#1: getrlimit(RLIMIT_NOFILE): 1048576:1048576
2025/01/13 06:12:20 [notice] 1#1: start worker processes
2025/01/13 06:12:20 [notice] 1#1: start worker process 29
2025/01/13 06:12:20 [notice] 1#1: start worker process 30
2025/01/13 06:12:20 [notice] 1#1: start worker process 31
2025/01/13 06:12:20 [notice] 1#1: start worker process 32
2025/01/13 06:12:20 [notice] 1#1: start worker process 33
2025/01/13 06:37:31 [notice] 1#1: signal 3 (SIGQUIT) received, shutting down
2025/01/13 06:37:31 [notice] 32#32: gracefully shutting down
2025/01/13 06:37:31 [notice] 30#30: gracefully shutting down
2025/01/13 06:37:31 [notice] 31#31: gracefully shutting down
2025/01/13 06:37:31 [notice] 30#30: exiting
2025/01/13 06:37:31 [notice] 31#31: exiting
2025/01/13 06:37:31 [notice] 32#32: exiting
2025/01/13 06:37:31 [notice] 29#29: gracefully shutting down
2025/01/13 06:37:31 [notice] 33#33: gracefully shutting down
2025/01/13 06:37:31 [notice] 29#29: exiting
2025/01/13 06:37:31 [notice] 33#33: exiting
2025/01/13 06:37:31 [notice] 31#31: exit
2025/01/13 06:37:31 [notice] 30#30: exit
2025/01/13 06:37:31 [notice] 29#29: exit
2025/01/13 06:37:31 [notice] 32#32: exit
2025/01/13 06:37:31 [notice] 33#33: exit
2025/01/13 06:37:31 [notice] 1#1: signal 17 (SIGCHLD) received from 32
2025/01/13 06:37:31 [notice] 1#1: worker process 29 exited with code 0
2025/01/13 06:37:31 [notice] 1#1: worker process 32 exited with code 0
2025/01/13 06:37:31 [notice] 1#1: signal 29 (SIGIO) received
2025/01/13 06:37:31 [notice] 1#1: signal 17 (SIGCHLD) received from 31
2025/01/13 06:37:31 [notice] 1#1: worker process 31 exited with code 0
2025/01/13 06:37:31 [notice] 1#1: signal 29 (SIGIO) received
2025/01/13 06:37:31 [notice] 1#1: signal 17 (SIGCHLD) received from 33
2025/01/13 06:37:31 [notice] 1#1: worker process 33 exited with code 0
2025/01/13 06:37:31 [notice] 1#1: signal 29 (SIGIO) received
2025/01/13 06:37:31 [notice] 1#1: signal 17 (SIGCHLD) received from 30
2025/01/13 06:37:31 [notice] 1#1: worker process 30 exited with code 0
2025/01/13 06:37:31 [notice] 1#1: exit
2025/01/13 06:38:32 [notice] 1#1: using the "epoll" event method
2025/01/13 06:38:32 [notice] 1#1: nginx/1.27.3
2025/01/13 06:38:32 [notice] 1#1: built by gcc 12.2.0 (Debian 12.2.0-14) 
2025/01/13 06:38:32 [notice] 1#1: OS: Linux 5.4.0-204-generic
2025/01/13 06:38:32 [notice] 1#1: getrlimit(RLIMIT_NOFILE): 1048576:1048576
2025/01/13 06:38:32 [notice] 1#1: start worker processes
2025/01/13 06:38:32 [notice] 1#1: start worker process 29
2025/01/13 06:38:32 [notice] 1#1: start worker process 30
2025/01/13 06:38:32 [notice] 1#1: start worker process 31
2025/01/13 06:38:32 [notice] 1#1: start worker process 32
2025/01/13 06:38:32 [notice] 1#1: start worker process 33
2025/01/13 06:40:32 [notice] 1#1: signal 3 (SIGQUIT) received, shutting down
2025/01/13 06:40:32 [notice] 30#30: gracefully shutting down
2025/01/13 06:40:32 [notice] 29#29: gracefully shutting down
2025/01/13 06:40:32 [notice] 32#32: gracefully shutting down
2025/01/13 06:40:32 [notice] 30#30: exiting
2025/01/13 06:40:32 [notice] 29#29: exiting
2025/01/13 06:40:32 [notice] 32#32: exiting
2025/01/13 06:40:32 [notice] 30#30: exit
2025/01/13 06:40:32 [notice] 29#29: exit
2025/01/13 06:40:32 [notice] 32#32: exit
2025/01/13 06:40:32 [notice] 31#31: gracefully shutting down
2025/01/13 06:40:32 [notice] 33#33: gracefully shutting down
2025/01/13 06:40:32 [notice] 31#31: exiting
2025/01/13 06:40:32 [notice] 33#33: exiting
2025/01/13 06:40:32 [notice] 31#31: exit
2025/01/13 06:40:32 [notice] 33#33: exit
2025/01/13 06:40:32 [notice] 1#1: signal 17 (SIGCHLD) received from 30
2025/01/13 06:40:32 [notice] 1#1: worker process 29 exited with code 0
2025/01/13 06:40:32 [notice] 1#1: worker process 30 exited with code 0
2025/01/13 06:40:32 [notice] 1#1: worker process 32 exited with code 0
2025/01/13 06:40:32 [notice] 1#1: signal 29 (SIGIO) received
2025/01/13 06:40:32 [notice] 1#1: signal 17 (SIGCHLD) received from 33
2025/01/13 06:40:32 [notice] 1#1: worker process 31 exited with code 0
2025/01/13 06:40:32 [notice] 1#1: worker process 33 exited with code 0
2025/01/13 06:40:32 [notice] 1#1: exit
2025/01/13 06:41:17 [notice] 1#1: using the "epoll" event method
2025/01/13 06:41:17 [notice] 1#1: nginx/1.27.3
2025/01/13 06:41:17 [notice] 1#1: built by gcc 12.2.0 (Debian 12.2.0-14) 
2025/01/13 06:41:17 [notice] 1#1: OS: Linux 5.4.0-204-generic
2025/01/13 06:41:17 [notice] 1#1: getrlimit(RLIMIT_NOFILE): 1048576:1048576
2025/01/13 06:41:17 [notice] 1#1: start worker processes
2025/01/13 06:41:17 [notice] 1#1: start worker process 29
2025/01/13 06:41:17 [notice] 1#1: start worker process 30
2025/01/13 06:41:17 [notice] 1#1: start worker process 31
2025/01/13 06:41:17 [notice] 1#1: start worker process 32
2025/01/13 06:41:17 [notice] 1#1: start worker process 33
2025/01/13 06:48:00 [notice] 1#1: signal 3 (SIGQUIT) received, shutting down
2025/01/13 06:48:00 [notice] 29#29: gracefully shutting down
2025/01/13 06:48:00 [notice] 30#30: gracefully shutting down
2025/01/13 06:48:00 [notice] 33#33: gracefully shutting down
2025/01/13 06:48:00 [notice] 32#32: gracefully shutting down
2025/01/13 06:48:00 [notice] 31#31: gracefully shutting down
2025/01/13 06:48:00 [notice] 29#29: exiting
2025/01/13 06:48:00 [notice] 30#30: exiting
2025/01/13 06:48:00 [notice] 33#33: exiting
2025/01/13 06:48:00 [notice] 32#32: exiting
2025/01/13 06:48:00 [notice] 31#31: exiting
2025/01/13 06:48:00 [notice] 30#30: exit
2025/01/13 06:48:00 [notice] 29#29: exit
2025/01/13 06:48:00 [notice] 33#33: exit
2025/01/13 06:48:00 [notice] 32#32: exit
2025/01/13 06:48:00 [notice] 31#31: exit
2025/01/13 06:48:00 [notice] 1#1: signal 17 (SIGCHLD) received from 30
2025/01/13 06:48:00 [notice] 1#1: worker process 29 exited with code 0
2025/01/13 06:48:00 [notice] 1#1: worker process 30 exited with code 0
2025/01/13 06:48:00 [notice] 1#1: signal 29 (SIGIO) received
2025/01/13 06:48:00 [notice] 1#1: signal 17 (SIGCHLD) received from 31
2025/01/13 06:48:00 [notice] 1#1: worker process 31 exited with code 0
2025/01/13 06:48:00 [notice] 1#1: signal 29 (SIGIO) received
2025/01/13 06:48:00 [notice] 1#1: signal 17 (SIGCHLD) received from 33
2025/01/13 06:48:00 [notice] 1#1: worker process 33 exited with code 0
2025/01/13 06:48:00 [notice] 1#1: signal 29 (SIGIO) received
2025/01/13 06:48:00 [notice] 1#1: signal 17 (SIGCHLD) received from 32
2025/01/13 06:48:00 [notice] 1#1: worker process 32 exited with code 0
2025/01/13 06:48:00 [notice] 1#1: exit
2025/01/13 06:48:45 [notice] 1#1: using the "epoll" event method
2025/01/13 06:48:45 [notice] 1#1: nginx/1.27.3
2025/01/13 06:48:45 [notice] 1#1: built by gcc 12.2.0 (Debian 12.2.0-14) 
2025/01/13 06:48:45 [notice] 1#1: OS: Linux 5.4.0-204-generic
2025/01/13 06:48:45 [notice] 1#1: getrlimit(RLIMIT_NOFILE): 1048576:1048576
2025/01/13 06:48:45 [notice] 1#1: start worker processes
2025/01/13 06:48:45 [notice] 1#1: start worker process 29
2025/01/13 06:48:45 [notice] 1#1: start worker process 30
2025/01/13 06:48:45 [notice] 1#1: start worker process 31
2025/01/13 06:48:45 [notice] 1#1: start worker process 32
2025/01/13 06:48:45 [notice] 1#1: start worker process 33
2025/01/13 07:01:51 [notice] 1#1: signal 3 (SIGQUIT) received, shutting down
2025/01/13 07:01:51 [notice] 32#32: gracefully shutting down
2025/01/13 07:01:51 [notice] 30#30: gracefully shutting down
2025/01/13 07:01:51 [notice] 29#29: gracefully shutting down
2025/01/13 07:01:51 [notice] 32#32: exiting
2025/01/13 07:01:51 [notice] 30#30: exiting
2025/01/13 07:01:51 [notice] 29#29: exiting
2025/01/13 07:01:51 [notice] 29#29: exit
2025/01/13 07:01:51 [notice] 32#32: exit
2025/01/13 07:01:51 [notice] 30#30: exit
2025/01/13 07:01:51 [notice] 31#31: gracefully shutting down
2025/01/13 07:01:51 [notice] 31#31: exiting
2025/01/13 07:01:51 [notice] 31#31: exit
2025/01/13 07:01:51 [notice] 33#33: gracefully shutting down
2025/01/13 07:01:51 [notice] 33#33: exiting
2025/01/13 07:01:51 [notice] 33#33: exit
2025/01/13 07:01:52 [notice] 1#1: signal 17 (SIGCHLD) received from 30
2025/01/13 07:01:52 [notice] 1#1: worker process 30 exited with code 0
2025/01/13 07:01:52 [notice] 1#1: signal 29 (SIGIO) received
2025/01/13 07:01:52 [notice] 1#1: signal 17 (SIGCHLD) received from 29
2025/01/13 07:01:52 [notice] 1#1: worker process 29 exited with code 0
2025/01/13 07:01:52 [notice] 1#1: worker process 33 exited with code 0
2025/01/13 07:01:52 [notice] 1#1: signal 29 (SIGIO) received
2025/01/13 07:01:52 [notice] 1#1: signal 17 (SIGCHLD) received from 31
2025/01/13 07:01:52 [notice] 1#1: worker process 31 exited with code 0
2025/01/13 07:01:52 [notice] 1#1: worker process 32 exited with code 0
2025/01/13 07:01:52 [notice] 1#1: exit
2025/01/13 07:02:20 [notice] 1#1: using the "epoll" event method
2025/01/13 07:02:20 [notice] 1#1: nginx/1.27.3
2025/01/13 07:02:20 [notice] 1#1: built by gcc 12.2.0 (Debian 12.2.0-14) 
2025/01/13 07:02:20 [notice] 1#1: OS: Linux 5.4.0-204-generic
2025/01/13 07:02:20 [notice] 1#1: getrlimit(RLIMIT_NOFILE): 1048576:1048576
2025/01/13 07:02:20 [notice] 1#1: start worker processes
2025/01/13 07:02:20 [notice] 1#1: start worker process 28
2025/01/13 07:02:20 [notice] 1#1: start worker process 29
2025/01/13 07:02:20 [notice] 1#1: start worker process 30
2025/01/13 07:02:20 [notice] 1#1: start worker process 31
2025/01/13 07:02:20 [notice] 1#1: start worker process 32
2025/01/13 07:19:29 [notice] 1#1: signal 3 (SIGQUIT) received, shutting down
2025/01/13 07:19:29 [notice] 30#30: gracefully shutting down
2025/01/13 07:19:29 [notice] 28#28: gracefully shutting down
2025/01/13 07:19:29 [notice] 32#32: gracefully shutting down
2025/01/13 07:19:29 [notice] 31#31: gracefully shutting down
2025/01/13 07:19:29 [notice] 30#30: exiting
2025/01/13 07:19:29 [notice] 32#32: exiting
2025/01/13 07:19:29 [notice] 28#28: exiting
2025/01/13 07:19:29 [notice] 31#31: exiting
2025/01/13 07:19:29 [notice] 30#30: exit
2025/01/13 07:19:29 [notice] 32#32: exit
2025/01/13 07:19:29 [notice] 31#31: exit
2025/01/13 07:19:29 [notice] 28#28: exit
2025/01/13 07:19:29 [notice] 29#29: gracefully shutting down
2025/01/13 07:19:29 [notice] 29#29: exiting
2025/01/13 07:19:29 [notice] 29#29: exit
2025/01/13 07:19:29 [notice] 1#1: signal 17 (SIGCHLD) received from 32
2025/01/13 07:19:29 [notice] 1#1: worker process 32 exited with code 0
2025/01/13 07:19:29 [notice] 1#1: signal 29 (SIGIO) received
2025/01/13 07:19:29 [notice] 1#1: signal 17 (SIGCHLD) received from 30
2025/01/13 07:19:29 [notice] 1#1: worker process 30 exited with code 0
2025/01/13 07:19:29 [notice] 1#1: signal 29 (SIGIO) received
2025/01/13 07:19:29 [notice] 1#1: signal 17 (SIGCHLD) received from 28
2025/01/13 07:19:29 [notice] 1#1: worker process 28 exited with code 0
2025/01/13 07:19:29 [notice] 1#1: worker process 29 exited with code 0
2025/01/13 07:19:29 [notice] 1#1: signal 29 (SIGIO) received
2025/01/13 07:19:29 [notice] 1#1: signal 17 (SIGCHLD) received from 29
2025/01/13 07:19:29 [notice] 1#1: signal 17 (SIGCHLD) received from 31
2025/01/13 07:19:29 [notice] 1#1: worker process 31 exited with code 0
2025/01/13 07:19:29 [notice] 1#1: exit
2025/01/13 07:20:36 [notice] 1#1: using the "epoll" event method
2025/01/13 07:20:36 [notice] 1#1: nginx/1.27.3
2025/01/13 07:20:36 [notice] 1#1: built by gcc 12.2.0 (Debian 12.2.0-14) 
2025/01/13 07:20:36 [notice] 1#1: OS: Linux 5.4.0-204-generic
2025/01/13 07:20:36 [notice] 1#1: getrlimit(RLIMIT_NOFILE): 1048576:1048576
2025/01/13 07:20:36 [notice] 1#1: start worker processes
2025/01/13 07:20:36 [notice] 1#1: start worker process 30
2025/01/13 07:20:36 [notice] 1#1: start worker process 31
2025/01/13 07:20:36 [notice] 1#1: start worker process 32
2025/01/13 07:20:36 [notice] 1#1: start worker process 33
2025/01/13 07:20:36 [notice] 1#1: start worker process 34
2025/01/13 07:22:32 [notice] 1#1: signal 3 (SIGQUIT) received, shutting down
2025/01/13 07:22:32 [notice] 30#30: gracefully shutting down
2025/01/13 07:22:32 [notice] 31#31: gracefully shutting down
2025/01/13 07:22:32 [notice] 30#30: exiting
2025/01/13 07:22:32 [notice] 31#31: exiting
2025/01/13 07:22:32 [notice] 34#34: gracefully shutting down
2025/01/13 07:22:32 [notice] 34#34: exiting
2025/01/13 07:22:32 [notice] 31#31: exit
2025/01/13 07:22:32 [notice] 30#30: exit
2025/01/13 07:22:32 [notice] 34#34: exit
2025/01/13 07:22:32 [notice] 33#33: gracefully shutting down
2025/01/13 07:22:32 [notice] 33#33: exiting
2025/01/13 07:22:32 [notice] 33#33: exit
2025/01/13 07:22:32 [notice] 32#32: gracefully shutting down
2025/01/13 07:22:32 [notice] 32#32: exiting
2025/01/13 07:22:32 [notice] 32#32: exit
2025/01/13 07:22:32 [notice] 1#1: signal 17 (SIGCHLD) received from 30
2025/01/13 07:22:32 [notice] 1#1: worker process 30 exited with code 0
2025/01/13 07:22:32 [notice] 1#1: worker process 31 exited with code 0
2025/01/13 07:22:32 [notice] 1#1: worker process 34 exited with code 0
2025/01/13 07:22:32 [notice] 1#1: signal 29 (SIGIO) received
2025/01/13 07:22:32 [notice] 1#1: signal 17 (SIGCHLD) received from 31
2025/01/13 07:22:32 [notice] 1#1: signal 17 (SIGCHLD) received from 33
2025/01/13 07:22:32 [notice] 1#1: worker process 33 exited with code 0
2025/01/13 07:22:32 [notice] 1#1: signal 29 (SIGIO) received
2025/01/13 07:22:32 [notice] 1#1: signal 17 (SIGCHLD) received from 32
2025/01/13 07:22:32 [notice] 1#1: worker process 32 exited with code 0
2025/01/13 07:22:32 [notice] 1#1: exit
2025/01/13 07:31:23 [notice] 1#1: using the "epoll" event method
2025/01/13 07:31:23 [notice] 1#1: nginx/1.27.3
2025/01/13 07:31:23 [notice] 1#1: built by gcc 12.2.0 (Debian 12.2.0-14) 
2025/01/13 07:31:23 [notice] 1#1: OS: Linux 5.4.0-204-generic
2025/01/13 07:31:23 [notice] 1#1: getrlimit(RLIMIT_NOFILE): 1048576:1048576
2025/01/13 07:31:23 [notice] 1#1: start worker processes
2025/01/13 07:31:23 [notice] 1#1: start worker process 29
2025/01/13 07:31:23 [notice] 1#1: start worker process 30
2025/01/13 07:31:23 [notice] 1#1: start worker process 31
2025/01/13 07:31:23 [notice] 1#1: start worker process 32
2025/01/13 07:31:23 [notice] 1#1: start worker process 33
2025/01/13 07:46:55 [notice] 1#1: signal 3 (SIGQUIT) received, shutting down
2025/01/13 07:46:55 [notice] 33#33: gracefully shutting down
2025/01/13 07:46:55 [notice] 32#32: gracefully shutting down
2025/01/13 07:46:55 [notice] 30#30: gracefully shutting down
2025/01/13 07:46:55 [notice] 33#33: exiting
2025/01/13 07:46:55 [notice] 31#31: gracefully shutting down
2025/01/13 07:46:55 [notice] 32#32: exiting
2025/01/13 07:46:55 [notice] 30#30: exiting
2025/01/13 07:46:55 [notice] 31#31: exiting
2025/01/13 07:46:55 [notice] 33#33: exit
2025/01/13 07:46:55 [notice] 31#31: exit
2025/01/13 07:46:55 [notice] 32#32: exit
2025/01/13 07:46:55 [notice] 30#30: exit
2025/01/13 07:46:55 [notice] 29#29: gracefully shutting down
2025/01/13 07:46:55 [notice] 29#29: exiting
2025/01/13 07:46:55 [notice] 29#29: exit
2025/01/13 07:46:55 [notice] 1#1: signal 17 (SIGCHLD) received from 31
2025/01/13 07:46:55 [notice] 1#1: worker process 29 exited with code 0
2025/01/13 07:46:55 [notice] 1#1: worker process 30 exited with code 0
2025/01/13 07:46:55 [notice] 1#1: worker process 31 exited with code 0
2025/01/13 07:46:55 [notice] 1#1: worker process 32 exited with code 0
2025/01/13 07:46:55 [notice] 1#1: worker process 33 exited with code 0
2025/01/13 07:46:55 [notice] 1#1: exit
2025/01/13 07:48:01 [notice] 1#1: using the "epoll" event method
2025/01/13 07:48:01 [notice] 1#1: nginx/1.27.3
2025/01/13 07:48:01 [notice] 1#1: built by gcc 12.2.0 (Debian 12.2.0-14) 
2025/01/13 07:48:01 [notice] 1#1: OS: Linux 5.4.0-204-generic
2025/01/13 07:48:01 [notice] 1#1: getrlimit(RLIMIT_NOFILE): 1048576:1048576
2025/01/13 07:48:01 [notice] 1#1: start worker processes
2025/01/13 07:48:01 [notice] 1#1: start worker process 29
2025/01/13 07:48:01 [notice] 1#1: start worker process 30
2025/01/13 07:48:01 [notice] 1#1: start worker process 31
2025/01/13 07:48:01 [notice] 1#1: start worker process 32
2025/01/13 07:48:01 [notice] 1#1: start worker process 33
2025/01/13 08:22:18 [notice] 1#1: signal 3 (SIGQUIT) received, shutting down
2025/01/13 08:22:19 [notice] 33#33: gracefully shutting down
2025/01/13 08:22:19 [notice] 29#29: gracefully shutting down
2025/01/13 08:22:19 [notice] 31#31: gracefully shutting down
2025/01/13 08:22:19 [notice] 29#29: exiting
2025/01/13 08:22:19 [notice] 31#31: exiting
2025/01/13 08:22:19 [notice] 33#33: exiting
2025/01/13 08:22:19 [notice] 30#30: gracefully shutting down
2025/01/13 08:22:19 [notice] 32#32: gracefully shutting down
2025/01/13 08:22:19 [notice] 30#30: exiting
2025/01/13 08:22:19 [notice] 32#32: exiting
2025/01/13 08:22:19 [notice] 33#33: exit
2025/01/13 08:22:19 [notice] 30#30: exit
2025/01/13 08:22:19 [notice] 29#29: exit
2025/01/13 08:22:19 [notice] 32#32: exit
2025/01/13 08:22:19 [notice] 31#31: exit
2025/01/13 08:22:19 [notice] 1#1: signal 17 (SIGCHLD) received from 31
2025/01/13 08:22:19 [notice] 1#1: worker process 31 exited with code 0
2025/01/13 08:22:19 [notice] 1#1: worker process 33 exited with code 0
2025/01/13 08:22:19 [notice] 1#1: worker process 29 exited with code 0
2025/01/13 08:22:19 [notice] 1#1: worker process 32 exited with code 0
2025/01/13 08:22:19 [notice] 1#1: signal 29 (SIGIO) received
2025/01/13 08:22:19 [notice] 1#1: signal 17 (SIGCHLD) received from 33
2025/01/13 08:22:19 [notice] 1#1: signal 17 (SIGCHLD) received from 30
2025/01/13 08:22:19 [notice] 1#1: worker process 30 exited with code 0
2025/01/13 08:22:19 [notice] 1#1: exit
2025/01/13 12:38:09 [notice] 1#1: using the "epoll" event method
2025/01/13 12:38:09 [notice] 1#1: nginx/1.27.3
2025/01/13 12:38:09 [notice] 1#1: built by gcc 12.2.0 (Debian 12.2.0-14) 
2025/01/13 12:38:09 [notice] 1#1: OS: Linux 5.4.0-204-generic
2025/01/13 12:38:09 [notice] 1#1: getrlimit(RLIMIT_NOFILE): 1048576:1048576
2025/01/13 12:38:09 [notice] 1#1: start worker processes
2025/01/13 12:38:09 [notice] 1#1: start worker process 29
2025/01/13 12:38:09 [notice] 1#1: start worker process 30
2025/01/13 12:38:09 [notice] 1#1: start worker process 31
2025/01/13 12:38:09 [notice] 1#1: start worker process 32
2025/01/13 12:38:09 [notice] 1#1: start worker process 33
2025/01/13 12:38:39 [error] 29#29: *1 open() "/usr/share/nginx/html/favicon.ico" failed (2: No such file or directory), client: 192.168.1.182, server: localhost, request: "GET /favicon.ico HTTP/1.1", host: "192.168.1.50", referrer: "http://192.168.1.50/"
2025/01/13 12:39:12 [error] 29#29: *1 open() "/usr/share/nginx/html/44" failed (2: No such file or directory), client: 192.168.1.182, server: localhost, request: "GET /44 HTTP/1.1", host: "192.168.1.50"
2025/01/13 12:44:22 [error] 30#30: *2 open() "/usr/share/nginx/html/44" failed (2: No such file or directory), client: 192.168.1.182, server: localhost, request: "GET /44 HTTP/1.1", host: "192.168.1.50"
2025/01/13 12:44:22 [error] 30#30: *2 open() "/usr/share/nginx/html/favicon.ico" failed (2: No such file or directory), client: 192.168.1.182, server: localhost, request: "GET /favicon.ico HTTP/1.1", host: "192.168.1.50", referrer: "http://192.168.1.50/44"
2025/01/13 12:44:23 [error] 33#33: *3 open() "/usr/share/nginx/html/44" failed (2: No such file or directory), client: 192.168.1.182, server: localhost, request: "GET /44 HTTP/1.1", host: "192.168.1.50"
2025/01/13 12:44:23 [error] 33#33: *3 open() "/usr/share/nginx/html/44" failed (2: No such file or directory), client: 192.168.1.182, server: localhost, request: "GET /44 HTTP/1.1", host: "192.168.1.50"
2025/01/13 12:44:23 [error] 33#33: *3 open() "/usr/share/nginx/html/favicon.ico" failed (2: No such file or directory), client: 192.168.1.182, server: localhost, request: "GET /favicon.ico HTTP/1.1", host: "192.168.1.50", referrer: "http://192.168.1.50/44"
2025/01/13 12:44:24 [error] 31#31: *4 open() "/usr/share/nginx/html/44" failed (2: No such file or directory), client: 192.168.1.182, server: localhost, request: "GET /44 HTTP/1.1", host: "192.168.1.50"
2025/01/13 12:44:27 [error] 31#31: *4 open() "/usr/share/nginx/html/555" failed (2: No such file or directory), client: 192.168.1.182, server: localhost, request: "GET /555 HTTP/1.1", host: "192.168.1.50"
2025/01/13 12:48:29 [error] 32#32: *5 open() "/usr/share/nginx/html/555" failed (2: No such file or directory), client: 192.168.1.182, server: localhost, request: "GET /555 HTTP/1.1", host: "192.168.1.50"
2025/01/13 12:48:29 [error] 32#32: *5 open() "/usr/share/nginx/html/favicon.ico" failed (2: No such file or directory), client: 192.168.1.182, server: localhost, request: "GET /favicon.ico HTTP/1.1", host: "192.168.1.50", referrer: "http://192.168.1.50/555"
